<?xml version="1.0" encoding="UTF-8"?>
<testsuite name="com.test.mqtt.TestMq" tests="1" skipped="0" failures="0" errors="0" timestamp="2020-06-29T09:44:17" hostname="eternal-HP-Laptop-15q-bu1xx" time="0.843">
  <properties/>
  <testcase name="tests" classname="com.test.mqtt.TestMq" time="0.843"/>
  <system-out><![CDATA[开始连接
----MQTT connection succeeded
-----------------------
订阅dintyue  topic : :kaim
]]></system-out>
  <system-err><![CDATA[]]></system-err>
</testsuite>
