<?xml version="1.0" encoding="UTF-8"?>
<testsuite name="com.test.service.Vehicle" tests="1" skipped="0" failures="0" errors="0" timestamp="2020-06-26T09:18:00" hostname="eternal-HP-Laptop-15q-bu1xx" time="0.731">
  <properties/>
  <testcase name="testPath" classname="com.test.service.Vehicle" time="0.731"/>
  <system-out><![CDATA[----------------------
modeName::::Demo-01
17:18:01.077 INFO  com.star.tcs.service.impl.StarVehicleService 97 getPaths - 车辆名称：Vehicle-01
orser:::TOrder-01EBQYPESFM5YJJJ657H8TSWAH
path:::["Point-0027","Point-0032","Point-0028","Point-0029","Point-0035","Point-0036","Point-0034","Point-0014","Point-0008","Point-0009","Point-0011","Point-0013","Point-0015","Point-0016","Point-0046","Point-0054"]
]]></system-out>
  <system-err><![CDATA[SLF4J: Failed to load class "org.slf4j.impl.StaticLoggerBinder".
SLF4J: Defaulting to no-operation (NOP) logger implementation
SLF4J: See http://www.slf4j.org/codes.html#StaticLoggerBinder for further details.
]]></system-err>
</testsuite>
