<?xml version="1.0" encoding="UTF-8"?>
<testsuite name="com.test.service.TestOrder" tests="1" skipped="0" failures="0" errors="0" timestamp="2020-06-26T10:31:52" hostname="eternal-HP-Laptop-15q-bu1xx" time="0.345">
  <properties/>
  <testcase name="getAll" classname="com.test.service.TestOrder" time="0.345"/>
  <system-out><![CDATA[----------------------
modeName::::Demo-01
18:31:53.157 INFO  com.star.tcs.service.impl.StarTransportOrderService 128 getAllOrder - 订单：TOrder-01EBQY4YBX34Z54APK77QT7VMY
18:31:53.168 INFO  com.star.tcs.service.impl.StarTransportOrderService 128 getAllOrder - 订单：TOrder-01EBQXRYT0D6EFR83AW9780G2R
18:31:53.169 INFO  com.star.tcs.service.impl.StarTransportOrderService 128 getAllOrder - 订单：TOrder-01EBQYKHPQ4BXHWB2RKHNENTMT
18:31:53.170 INFO  com.star.tcs.service.impl.StarTransportOrderService 128 getAllOrder - 订单：TOrder-01EBQYB0E0B5SQ58KV9W4KF8P6
18:31:53.171 INFO  com.star.tcs.service.impl.StarTransportOrderService 128 getAllOrder - 订单：TOrder-01EBQYPESFM5YJJJ657H8TSWAH
18:31:53.172 INFO  com.star.tcs.service.impl.StarTransportOrderService 128 getAllOrder - 订单：TOrder-01EBQYKSRFA5K6SPFDERJ43RNS
18:31:53.172 INFO  com.star.tcs.service.impl.StarTransportOrderService 128 getAllOrder - 订单：TOrder-01EBQY5EJFJH6D07ZP5GSZP07A
18:31:53.173 INFO  com.star.tcs.service.impl.StarTransportOrderService 128 getAllOrder - 订单：TOrder-01EBQXWPX82ESKKAR5WZFPA9M6
]]></system-out>
  <system-err><![CDATA[SLF4J: Failed to load class "org.slf4j.impl.StaticLoggerBinder".
SLF4J: Defaulting to no-operation (NOP) logger implementation
SLF4J: See http://www.slf4j.org/codes.html#StaticLoggerBinder for further details.
]]></system-err>
</testsuite>
